Name                                                                                                Stmts   Miss Branch BrPart  Cover   Missing
-----------------------------------------------------------------------------------------------------------------------------------------------
/Library/Python/2.7/site-packages/bintrees-2.0.4-py2.7-macosx-10.10-intel.egg/bintrees/abctree.py     396    393    182      1     2%   9-525, 530-820, 529->530
/Library/Python/2.7/site-packages/bintrees-2.0.4-py2.7-macosx-10.10-intel.egg/bintrees/avltree.py     150     24     44      3    86%   30-44, 51, 55, 62, 70, 74, 87, 93-117, 122, 135-136, 183, 186, 196, 134->135, 185->186, 195->196
/Library/Python/2.7/site-packages/bintrees-2.0.4-py2.7-macosx-10.10-intel.egg/bintrees/rbtree.py      131     20     46      5    86%   35-46, 53, 59, 63, 71, 78, 88, 94-117, 122, 174, 177, 239, 176->177, 206->187, 218->221, 227->235, 238->239
sut.py                                                                                               1498   1479    630      0     1%   1-11, 14, 17-38, 44, 50, 55, 64-1796
-----------------------------------------------------------------------------------------------------------------------------------------------
TOTAL                                                                                                2175   1916    902      9    12%   

STOPPING TEST DUE TO TIMEOUT, TERMINATED AT LENGTH 73
STOPPING TESTING DUE TO TIMEOUT
11.5047123822 PERCENT COVERED
30.4804041386 TOTAL RUNTIME
51 EXECUTED
5073 TOTAL TEST OPERATIONS
29.6523485184 TIME SPENT EXECUTING TEST OPERATIONS
0.124300479889 TIME SPENT EVALUATING GUARDS AND CHOOSING ACTIONS
0.011301279068 TIME SPENT CHECKING PROPERTIES
29.6636497974 TOTAL TIME SPENT RUNNING SUT
0.171864748001 TIME SPENT RESTARTING
0.0 TIME SPENT REDUCING TEST CASES
323 BRANCHES COVERED
259 STATEMENTS COVERED
