Name                                                                    Stmts   Miss Branch BrPart  Cover   Missing
-------------------------------------------------------------------------------------------------------------------
/Library/Python/2.7/site-packages/algorithms/data_structures/queue.py      13     10      0      0    23%   14-20, 23, 31, 40-54
sut.py                                                                   4076   4071   1064      1     1%   1-4030, 4035-5082, 5084-5200, 5083->5084
-------------------------------------------------------------------------------------------------------------------
TOTAL                                                                    4089   4081   1064      1     1%
