Name                                                                                      Stmts   Miss Branch BrPart  Cover   Missing
-------------------------------------------------------------------------------------------------------------------------------------
sut.py                                                                                     7826   7810   1549      2     1%   1-10, 20, 29, 31, 35, 42-9811, 30->31, 39->42
/usr/local/lib/python2.7/site-packages/algorithms/data_structures/binary_search_tree.py     169    115     80      3    33%   14-19, 27-32, 35, 41-61, 63, 72, 82-92, 111, 121-216, 231-304, 306, 325, 335, 343-395, 62->63, 224->231, 305->306
-------------------------------------------------------------------------------------------------------------------------------------
TOTAL                                                                                      7995   7925   1629      5     1%   
