Name                                                                                                      Stmts   Miss Branch BrPart  Cover   Missing
-----------------------------------------------------------------------------------------------------------------------------------------------------
/Library/Python/2.7/site-packages/python_skiplist-0.1-py2.7-macosx-10.11-intel.egg/skiplist/__init__.py      37     24     16      4    36%   1-12, 16, 22-24, 27, 32-41, 44-48, 15->16, 17->19, 21->22, 28->30
/Library/Python/2.7/site-packages/sortedcontainers/sorteddict.py                                            336    299     88      5    10%   5-30, 32-67, 110-111, 116-117, 124, 154-157, 163-214, 220-228, 237-330, 345-746, 109->110, 115->116, 121->124, 153->154, 340->345
/Library/Python/2.7/site-packages/sortedcontainers/sortedlist.py                                           1293   1278    624      3     2%   5-56, 76-78, 99-159, 165-173, 182-769, 778-2418, 75->76, 96->99, 164->165
sut.py                                                                                                     1240   1212    567      1     2%   1-12, 20, 34-47, 53, 59, 65-1483, 62->65
-----------------------------------------------------------------------------------------------------------------------------------------------------
TOTAL                                                                                                      2906   2813   1295     13     3%   
