Name                                                                                          Stmts   Miss Branch BrPart  Cover   Missing
-----------------------------------------------------------------------------------------------------------------------------------------
/usr/local/lib/python2.7/dist-packages/Equation-1.3.dev_20160126-py2.7.egg/Equation/core.py     546    327    224     33    42%   12-24, 27-37, 41, 49-50, 58-59, 67, 71, 88-89, 93, 95-96, 100-105, 108-112, 121, 130-139, 145-149, 153, 156-159, 163-201, 204-208, 219-260, 276, 281, 286, 292-293, 302, 306, 315-316, 338-346, 352-373, 385, 392, 396-631, 633-634, 636-638, 644, 665, 669-676, 710-712, 720, 727, 739-792, 48->49, 54->57, 57->58, 64->67, 70->71, 73->100, 84->87, 87->88, 90->93, 94->95, 160->163, 203->204, 275->276, 280->281, 284->283, 285->286, 291->292, 301->302, 314->315, 332->339, 335->338, 348->352, 384->385, 391->392, 632->633, 635->636, 639->642, 664->665, 668->669, 709->710, 719->720, 723->727, 731->-644
