Name            Stmts   Miss Branch BrPart  Cover   Missing
-----------------------------------------------------------
linkedlist.py     256    114    122     21    53%   7-8, 12-13, 15, 26, 28-34, 37, 43, 46, 48-49, 63, 70, 82, 86, 103, 119-148, 155, 157-160, 172-174, 178-179, 183-186, 195, 199, 215-217, 221, 232-268, 272, 274, 300, 305, 316, 327, 331-351, 36->37, 45->46, 47->48, 66->-63, 71->-70, 85->86, 154->155, 156->157, 167->172, 177->178, 182->183, 198->199, 202->-195, 206->211, 211->217, 212->215, 271->272, 273->274, 304->305, 315->316, 326->327
