Name                                                            Stmts   Miss Branch BrPart  Cover   Missing
-----------------------------------------------------------------------------------------------------------
C:\Users\hubba\cs562test\Lib\site-packages\sqlparse\compat.py      20     19      4      0     4%   11-29, 34-42
C:\Users\hubba\cs562test\Lib\site-packages\sqlparse\lexer.py      195     99     92     23    49%   8-38, 43, 51-52, 55, 59-65, 69, 75-78, 84-85, 103-129, 133, 142, 148, 155-221, 224-230, 232, 235, 237-238, 240-245, 249-250, 253, 264, 266, 269-270, 282, 303, 311-312, 319, 321, 333-336, 343-349, 354-358, 366, 54->55, 68->69, 73->75, 97->109, 101->103, 146->148, 231->232, 236->237, 239->240, 262->274, 263->264, 265->266, 268->269, 278->280, 302->303, 306->311, 318->319, 320->321, 322->317, 330->333, 341->343, 341->348, 365->366
C:\Users\hubba\cs562test\Lib\site-packages\sqlparse\sql.py        379    282    218     19    29%   3-22, 32-45, 49-62, 79-90, 98-101, 105-109, 113-149, 155-164, 166, 170-204, 223-226, 231-235, 246, 248, 251, 266, 269, 275, 278, 285, 296-302, 309, 312, 317, 320, 327, 338, 347, 350, 358, 365, 369-370, 380-471, 485, 490-690, 78->79, 97->98, 165->166, 244->-235, 245->246, 247->248, 268->269, 277->278, 286->-285, 308->309, 311->312, 314->-302, 316->317, 326->327, 344->347, 357->358, 368->369, 482->485, 487->490
-----------------------------------------------------------------------------------------------------------
TOTAL                                                             594    400    314     42    35%
