Name                                                        Stmts   Miss Branch BrPart  Cover   Missing
-------------------------------------------------------------------------------------------------------
/usr/lib64/python2.7/site-packages/astropy/table/table.py     876    562    484     92    37%   2-46, 57, 61-78, 82-88, 91, 105-113, 115, 119, 123, 134, 137, 141-197, 215, 244, 258, 265-274, 284, 287, 292, 297-307, 310-312, 325-340, 364-419, 428-429, 432-504, 525-544, 550, 553-557, 560, 565-585, 590-591, 602, 608-619, 626-661, 671, 679, 682, 687, 700, 713, 720, 727, 729, 736, 740-775, 777-780, 782-785, 793-805, 849, 859-974, 1041, 1045-1083, 1087, 1092, 1103, 1114-1117, 1125, 1129, 1143-1151, 1163-1214, 1218-1223, 1236-1242, 1248, 1250, 1254, 1257, 1261-1265, 1269, 1272, 1278-1279, 1283-1320, 1389, 1464, 1489, 1497-1527, 1562, 1565, 1611, 1626-1628, 1669, 1716, 1720, 1726-1801, 1850, 1854, 1860, 1900, 1903, 1907, 1960, 1990, 1993, 2003, 2008-2040, 2044, 2047, 2050-2051, 2056, 2066, 2070-2072, 2075, 2082, 2088-2091, 2098-2100, 2104-2105, 2109, 2129, 2135, 2150, 2154, 2189-2191, 2199-2200, 2207-2212, 2243-2280, 2299-2333, 2339-2345, 2350-2351, 2357, 2360, 2366, 2392, 2396-2578, 79->82, 103->105, 114->115, 214->215, 257->258, 264->265, 281->284, 286->287, 291->-291, 291->292, 296->297, 309->310, 321->340, 322->335, 323->325, 348->350, 350->355, 363->364, 427->428, 549->550, 552->553, 559->560, 563->-557, 564->565, 589->-589, 589->590, 601->602, 604->608, 678->679, 686->687, 712->713, 726->727, 728->729, 735->736, 848->849, 1040->1041, 1086->1087, 1091->1092, 1100->1103, 1104->-1107, 1104->1114, 1124->1125, 1128->1129, 1140->1143, 1159->1163, 1234->1236, 1245->1248, 1249->1250, 1256->1257, 1277->1278, 1385->1387, 1463->1464, 1488->1489, 1561->1562, 1610->1611, 1625->1626, 1715->1716, 1719->1720, 1849->1850, 1853->1854, 1899->1900, 1902->1903, 1989->1990, 1992->1993, 1998->-1998, 2000->2003, 2005->2008, 2042->2056, 2043->2044, 2046->2047, 2049->2050, 2065->2066, 2069->2070, 2074->2075, 2081->2082, 2087->2088, 2097->2098, 2103->2104, 2128->2129, 2134->2135, 2148->-2149, 2148->2150, 2188->2189, 2192->2195, 2197->2199, 2205->2207, 2242->2243, 2294->2297, 2335->2338, 2338->2339, 2347->2350, 2391->2392
