Name                                                                                           Stmts   Miss Branch BrPart  Cover   Missing
------------------------------------------------------------------------------------------------------------------------------------------
pyopencltests.py   TypeError: compile() expected string without null bytes
/home/t0rqued/pyopencl-testing/lib/python2.7/site-packages/appdirs.py                            236    200    122      8    12%   26, 29-39, 77-97, 131-163, 195-203, 236-254, 291-300, 302-304, 310, 346-362, 369-373, 377, 382, 387, 392, 397, 402, 413-426, 430-453, 457-480, 483-506, 509-521, 527-552, 25->26, 28->29, 290->291, 301->302, 307->309, 309->310, 508->509, 526->527
/home/t0rqued/pyopencl-testing/lib/python2.7/site-packages/mako/_ast_util.py                     538    519    206      1     5%   7-82, 87-177, 185-266, 275, 282, 293-851, 287->286
/home/t0rqued/pyopencl-testing/lib/python2.7/site-packages/mako/ast.py                            87     61     40      7    28%   7-18, 42, 48-52, 61, 64, 70-82, 85, 89, 94, 97-102, 108-190, 39->42, 57->64, 58->61, 84->85, 88->89, 93->94, 95->97
/home/t0rqued/pyopencl-testing/lib/python2.7/site-packages/mako/codegen.py                       576    369    280     52    33%   7-26, 47, 69-71, 98-105, 113-121, 127-131, 140, 151, 156, 173, 177, 191, 194, 197, 201, 211, 219, 223, 239-243, 257, 267, 270-271, 273, 277, 284-286, 297, 323-441, 488, 493, 496-500, 509, 515-525, 528, 534-547, 568-625, 645-750, 757, 759, 766, 772, 775-777, 784, 797-799, 803-805, 826-828, 832-853, 871-989, 994-995, 1009, 1048-1052, 1058, 1062-1074, 1085-1090, 1093, 1096, 1102-1210, 1217-1227, 1233-1238, 1241, 1243, 1248, 1251, 1254, 46->47, 112->113, 126->127, 139->140, 149->153, 150->151, 153->-105, 200->201, 210->211, 217->219, 222->223, 238->239, 256->257, 266->267, 269->270, 272->273, 283->284, 296->297, 301->304, 304->314, 322->323, 484->488, 492->493, 495->496, 508->509, 514->515, 527->528, 533->534, 635->644, 637->644, 644->645, 756->757, 758->759, 763->769, 764->769, 765->766, 767->769, 771->772, 774->775, 786->797, 802->803, 819->-823, 819->-820, 819->826, 854->-853, 858->-853, 993->994, 1008->1009, 1047->1048, 1097->-1096, 1216->1217, 1242->1243
/home/t0rqued/pyopencl-testing/lib/python2.7/site-packages/mako/compat.py                        127    115     30      4    10%   1-148, 150, 160-161, 167, 170-200, 149->150, 159->160, 163->166, 166->167
/home/t0rqued/pyopencl-testing/lib/python2.7/site-packages/mako/lexer.py                         258     99    132     32    60%   7-19, 36, 42-54, 59-64, 68, 98, 109, 113-114, 124-129, 136, 151-153, 164-173, 180-182, 185-189, 197, 204-205, 213, 221, 231, 240, 242, 244, 250-252, 255, 259, 267, 285-308, 312, 315-326, 330, 335, 341, 365-367, 383, 389, 401, 411, 420, 425, 431, 436, 440-441, 35->36, 40->42, 108->109, 112->113, 120->124, 135->136, 150->151, 161->164, 179->180, 184->185, 196->197, 201->211, 220->221, 229->254, 230->231, 239->240, 241->242, 243->244, 247->250, 254->255, 258->259, 284->285, 314->315, 334->335, 359->365, 361->363, 388->389, 408->431, 410->411, 419->420, 424->425, 439->440
/home/t0rqued/pyopencl-testing/lib/python2.7/site-packages/mako/parsetree.py                     260    214     36      0    17%   7-17, 23, 28, 31, 40-44, 49, 52-72, 87, 90, 93, 96, 106-119, 123-145, 151, 154, 157-189, 196, 199, 207-616
/home/t0rqued/pyopencl-testing/lib/python2.7/site-packages/mako/pygen.py                         136     31     60     11    78%   7-15, 46, 49, 53, 57, 67, 72, 108, 145-149, 192, 201, 207, 220, 226, 230, 236, 247, 257, 270-274, 282-283, 297, 50->-49, 102->112, 107->108, 141->-72, 219->220, 225->226, 235->236, 256->257, 269->270, 281->282, 296->297
/home/t0rqued/pyopencl-testing/lib/python2.7/site-packages/mako/pyparser.py                      131    104     52      2    20%   7-37, 42-53, 60, 64-69, 82-133, 142-144, 154-177, 182-233, 61->64, 141->142
/home/t0rqued/pyopencl-testing/lib/python2.7/site-packages/mako/runtime.py                       416    361    122     12    13%   7-25, 42, 46-97, 103-125, 130, 135-141, 146-188, 191-205, 211, 215-549, 556, 559-561, 566, 569-798, 805-807, 811, 816, 818, 833, 840-857, 867-871, 882-888, 893-909, 45->46, 555->556, 558->559, 562->566, 568->569, 799->803, 804->805, 815->816, 817->818, 836->840, 861->867, 880->882
/home/t0rqued/pyopencl-testing/lib/python2.7/site-packages/mako/template.py                      244    176     74     17    27%   7-218, 248-249, 251-254, 261, 264, 279, 283, 288, 292, 300, 308-324, 341, 346-348, 354, 360, 362, 364-433, 447-591, 605-651, 674, 681, 690-718, 247->248, 250->251, 260->261, 263->264, 278->279, 282->283, 286->292, 287->288, 299->300, 303->308, 343->346, 353->354, 359->360, 361->362, 363->364, 604->605, 680->681
/home/t0rqued/pyopencl-testing/lib/python2.7/site-packages/mako/util.py                          223    208     52      3     7%   7-84, 86, 91-126, 135-140, 144, 151-155, 157, 163-382, 85->86, 143->144, 156->157
/home/t0rqued/pyopencl-testing/lib/python2.7/site-packages/numpy/core/_methods.py                 78     77     30      0     1%   6-40, 43-133
/home/t0rqued/pyopencl-testing/lib/python2.7/site-packages/numpy/core/getlimits.py               135    114     43      2    14%   4-245, 248-249, 254-256, 259, 268-270, 282-308, 253->254, 258->259
/home/t0rqued/pyopencl-testing/lib/python2.7/site-packages/numpy/core/numeric.py                 557    556    174      0     1%   1-406, 476-2898
/home/t0rqued/pyopencl-testing/lib/python2.7/site-packages/numpy/lib/stride_tricks.py             60     48     28      4    18%   8-20, 25, 29-34, 38, 45, 52, 57-202, 26->29, 44->45, 46->48, 50->52
/home/t0rqued/pyopencl-testing/lib/python2.7/site-packages/pyopencl/__init__.py                  772    604    294     29    20%   3-273, 276, 284-288, 295-299, 304-330, 338-344, 346, 348, 362, 365, 370, 388, 391-484, 487-490, 500-591, 596-597, 603, 610-617, 626, 634-641, 646-676, 684, 691, 703, 788, 805, 814, 831, 838, 849, 869-872, 884, 901-902, 905-950, 956-960, 964, 979, 988-992, 997-1384, 1504-1515, 1519, 1523-1546, 1554, 1557-1685, 274->276, 278->295, 283->284, 300->304, 345->346, 347->348, 350->353, 361->362, 364->365, 367->370, 604->607, 623->626, 633->634, 677->680, 791->797, 837->838, 868->869, 883->884, 900->901, 904->905, 952->956, 963->964, 978->979, 1502->1523, 1503->1504, 1518->1519, 1551->1573, 1552->1557, 1553->1554
/home/t0rqued/pyopencl-testing/lib/python2.7/site-packages/pyopencl/algorithm.py                 306    280     88      4     8%   3-55, 62-63, 68, 73-157, 174, 202-218, 242, 269-1202, 61->62, 64->68, 173->174, 241->242
/home/t0rqued/pyopencl-testing/lib/python2.7/site-packages/pyopencl/array.py                    1075    940    411     36    13%   3-46, 53-56, 58-159, 179-186, 192-199, 208, 223, 234-252, 254, 258-455, 463-468, 479, 503, 508, 515, 529, 541, 551, 555, 560-562, 567-571, 574, 578-579, 583, 606, 613-632, 634, 638, 650-652, 655-656, 666, 681-688, 701-726, 735-850, 853, 863-879, 895-1055, 1060-1260, 1270-1729, 1746, 1751, 1759-1777, 1786-2398, 163->167, 176->179, 205->208, 222->223, 253->254, 255->258, 459->463, 471->479, 502->503, 507->508, 513->515, 528->529, 538->541, 548->562, 549->551, 553->560, 554->555, 573->574, 594->596, 596->603, 603->606, 608->613, 633->634, 649->650, 654->655, 661->-638, 676->681, 694->699, 852->853, 855->858, 859->863, 882->895, 1057->1060, 1269->1270, 1745->1746, 1748->1751
/home/t0rqued/pyopencl-testing/lib/python2.7/site-packages/pyopencl/cache.py                     296    142     78     19    50%   40-43, 47-51, 56, 79-80, 94-104, 115, 125-126, 135-137, 140, 143, 155-202, 206-213, 220-221, 224, 258, 276-277, 282-283, 287-292, 309-313, 338-341, 356, 372-374, 386-387, 398-421, 431-466, 480-498, 55->56, 85->-84, 223->224, 257->258, 285->287, 306->309, 332->341, 333->338, 334->336, 343->351, 355->356, 360->363, 371->372, 385->386, 396->398, 423->430, 430->431, 476->480, 500->503
/home/t0rqued/pyopencl-testing/lib/python2.7/site-packages/pyopencl/cffi_cl.py                  1022    865    221     33    17%   1-55, 59-66, 74-106, 108, 118-119, 123, 127-139, 156-158, 173-174, 176-188, 198, 206-207, 212-214, 217, 220, 223, 228, 232-491, 497-506, 508, 513-525, 530-534, 536, 538, 542, 556-571, 582-598, 600, 605, 610, 617-640, 646-649, 656-662, 668, 680-683, 695, 698-769, 772, 775-859, 876-931, 935-940, 947-979, 981, 985-991, 993, 1010-1015, 1017, 1023, 1029-1073, 1079, 1082, 1086-1102, 1108-1147, 1151-1152, 1155-1176, 1186, 1191, 1194, 1203-1208, 1211, 1225-1305, 1317, 1329-1953, 107->108, 124->-123, 155->156, 172->173, 175->176, 191->193, 507->508, 528->530, 535->536, 537->538, 539->542, 599->600, 604->605, 609->610, 614->617, 654->656, 667->668, 684->687, 773->775, 867->876, 934->935, 980->981, 992->993, 1016->1017, 1081->1082, 1083->1092, 1084->1086, 1182->1201, 1185->1186, 1190->1191, 1193->1194, 1202->1203, 1210->1211
/home/t0rqued/pyopencl-testing/lib/python2.7/site-packages/pyopencl/characterize/__init__.py     150    144     76      3     5%   1-37, 42-325, 331, 334, 39->42, 330->331, 332->334
/home/t0rqued/pyopencl-testing/lib/python2.7/site-packages/pyopencl/compyte/array.py              90     71     42      3    20%   1-28, 32, 38, 42, 48-49, 60, 68-69, 74-77, 82-177, 31->32, 41->42, 73->74
/home/t0rqued/pyopencl-testing/lib/python2.7/site-packages/pyopencl/compyte/dtypes.py            119     98     36      3    18%   3-98, 100, 106-206, 209, 221, 235-236, 243-260, 99->100, 208->209, 220->221
/home/t0rqued/pyopencl-testing/lib/python2.7/site-packages/pyopencl/elementwise.py               397    355    182     12    10%   3-44, 50, 79-80, 114, 131-138, 140-142, 145, 148, 171, 187-531, 540, 543, 546, 549, 552, 571-1033, 49->50, 78->79, 128->144, 130->131, 139->140, 144->145, 147->148, 539->540, 542->543, 545->546, 548->549, 551->552
/home/t0rqued/pyopencl-testing/lib/python2.7/site-packages/pyopencl/reduction.py                 222    132     91     13    40%   3-122, 129, 139, 153, 184, 194, 234-235, 258-261, 277, 291, 303, 311, 317, 326-328, 331, 352, 364-575, 128->129, 138->139, 152->153, 191->194, 255->258, 271->-272, 290->291, 301->311, 302->303, 316->317, 321->326, 330->331, 351->352
/home/t0rqued/pyopencl-testing/lib/python2.7/site-packages/pyopencl/scan.py                      296    132    122     30    56%   3-741, 744, 749-832, 845-846, 852-853, 857-873, 964-965, 971, 975, 994, 1000, 1041-1060, 1078-1079, 1139-1142, 1158-1167, 1210, 1212, 1219, 1230, 1247, 1286, 1288, 1296, 1305, 1317, 1351, 1364-1367, 1370, 1387, 1403, 1405, 1417-1593, 1622-1625, 743->744, 842->845, 851->852, 963->964, 970->971, 974->975, 977->979, 993->994, 999->1000, 1075->1078, 1101->1114, 1103->1114, 1104->-1104, 1107->1103, 1136->1139, 1157->1158, 1208->1210, 1211->1212, 1229->1230, 1285->1286, 1287->1288, 1304->1305, 1312->1315, 1315->1317, 1350->1351, 1363->1364, 1369->1370, 1386->1387, 1402->1403, 1404->1405
/home/t0rqued/pyopencl-testing/lib/python2.7/site-packages/pyopencl/tools.py                     469    326    169     20    32%   3-73, 100-286, 290-298, 302, 313-314, 318-327, 330, 345, 364, 375, 380, 398-432, 439, 443, 446, 451-468, 472, 475-477, 481, 486, 498-667, 671, 677-686, 689, 693-712, 718-727, 741, 749-758, 762-768, 774-776, 779, 796, 807, 816-817, 823, 827, 843-855, 868, 871-877, 880, 896-930, 329->330, 370->375, 442->443, 445->446, 448->451, 471->472, 474->475, 480->481, 485->486, 670->671, 759->766, 778->779, 795->796, 806->807, 814->816, 826->827, 829->832, 864->867, 867->868, 869->871
/home/t0rqued/pyopencl-testing/lib/python2.7/site-packages/pytools/__init__.py                  1012    967    380      7     5%   1-130, 139, 146-183, 193-422, 433-460, 462, 477-811, 814, 817, 821-839, 843, 862-1821, 138->139, 142->141, 428->433, 461->462, 813->814, 818->821, 859->862
/home/t0rqued/pyopencl-testing/lib/python2.7/site-packages/pytools/py_codegen.py                  69      4     30      6    90%   74, 100, 103, 118, 52->54, 73->74, 99->100, 102->103, 111->120, 117->118
/home/t0rqued/pyopencl-testing/lib/python2.7/site-packages/six.py                                444    425    134      1     4%   23-80, 86-114, 117-184, 189, 192-195, 205, 209-595, 598, 601-868, 202->205
------------------------------------------------------------------------------------------------------------------------------------------
TOTAL                                                                                          10801   8737   3835    374    19%
